30: CountryDAO.java: 28-Jul-2016 15:41:12,580: DEBUG: getCountries: fetchig
30: CountryDAO.java: 22-Aug-2016 11:47:05,502: DEBUG: getCountries: fetchig
30: CountryDAO.java: 22-Aug-2016 15:07:23,248: DEBUG: getCountries: fetchig
30: CountryDAO.java: 22-Aug-2016 15:08:15,921: DEBUG: getCountries: fetchig
30: CountryDAO.java: 03-Jan-2017 16:06:41,793: DEBUG: getCountries: fetchig
30: CountryDAO.java: 03-Jan-2017 16:07:31,493: DEBUG: getCountries: fetchig
30: CountryDAO.java: 25-Jul-2018 12:41:59,979: DEBUG: getCountries: fetchig
30: CountryDAO.java: 25-Jul-2018 12:44:15,626: DEBUG: getCountries: fetchig
30: CountryDAO.java: 26-Jul-2018 16:15:55,183: DEBUG: getCountries: fetchig
30: CountryDAO.java: 13-Sep-2018 11:40:45,783: DEBUG: getCountries: fetchig
30: CountryDAO.java: 13-Sep-2018 11:41:37,831: DEBUG: getCountries: fetchig
30: CountryDAO.java: 27-Nov-2018 10:10:38,795: DEBUG: getCountries: fetchig
30: CountryDAO.java: 27-Nov-2018 10:11:32,443: DEBUG: getCountries: fetchig
30: CountryDAO.java: 27-Nov-2018 10:14:29,282: DEBUG: getCountries: fetchig
30: CountryDAO.java: 27-Nov-2018 10:16:29,162: DEBUG: getCountries: fetchig
30: CountryDAO.java: 25-Feb-2021 11:52:40,035: DEBUG: getCountries: fetchig
30: CountryDAO.java: 25-Feb-2021 12:22:40,775: DEBUG: getCountries: fetchig
30: CountryDAO.java: 25-Feb-2021 12:24:03,173: DEBUG: getCountries: fetchig
30: CountryDAO.java: 25-Feb-2021 15:25:03,823: DEBUG: getCountries: fetchig
30: CountryDAO.java: 31-May-2021 14:48:01,737: DEBUG: getCountries: fetchig
